{"level":"info","message":"Anonymous scan limit reached","timestamp":"2025-10-09 22:27:49:2749"}
{"date":"Thu Oct 09 2025 22:27:49 GMT+0100 (British Summer Time)","error":{},"level":"error","message":"unhandledRejection: Clerk: auth() was called but Clerk can't detect usage of clerkMiddleware(). Please ensure the following:\n- Your Middleware exists at ./src/middleware.(ts|js)\n- clerkMiddleware() is used in your Next.js Middleware.\n- Your Middleware matcher is configured to match this route or page.\n- If you are using the src directory, make sure the Middleware file is inside of it.\n\nFor more details, see https://clerk.com/err/auth-middleware\n\nError: Clerk: auth() was called but Clerk can't detect usage of clerkMiddleware(). Please ensure the following:\n- Your Middleware exists at ./src/middleware.(ts|js)\n- clerkMiddleware() is used in your Next.js Middleware.\n- Your Middleware matcher is configured to match this route or page.\n- If you are using the src directory, make sure the Middleware file is inside of it.\n\nFor more details, see https://clerk.com/err/auth-middleware\n\n    at assertAuthStatus (C:\\Users\\anton\\OneDrive\\Desktop\\AccessCheck-main\\accessibility-checker\\.next\\server\\chunks\\node_modules_5904121d._.js:23231:15)\n    at C:\\Users\\anton\\OneDrive\\Desktop\\AccessCheck-main\\accessibility-checker\\.next\\server\\chunks\\node_modules_5904121d._.js:23460:207\n    at async auth (C:\\Users\\anton\\OneDrive\\Desktop\\AccessCheck-main\\accessibility-checker\\.next\\server\\chunks\\node_modules_1fed96e3._.js:4046:24)","os":{"loadavg":[0,0,0],"uptime":1072567.25},"process":{"argv":["C:\\Program Files\\nodejs\\node.exe","C:\\Users\\anton\\OneDrive\\Desktop\\AccessCheck-main\\accessibility-checker\\node_modules\\next\\dist\\server\\lib\\start-server.js"],"cwd":"C:\\Users\\anton\\OneDrive\\Desktop\\AccessCheck-main\\accessibility-checker","execPath":"C:\\Program Files\\nodejs\\node.exe","gid":null,"memoryUsage":{"arrayBuffers":1376007,"external":4834966,"heapTotal":228745216,"heapUsed":199412984,"rss":1074434048},"pid":24800,"uid":null,"version":"v18.20.5"},"rejection":true,"stack":"Error: Clerk: auth() was called but Clerk can't detect usage of clerkMiddleware(). Please ensure the following:\n- Your Middleware exists at ./src/middleware.(ts|js)\n- clerkMiddleware() is used in your Next.js Middleware.\n- Your Middleware matcher is configured to match this route or page.\n- If you are using the src directory, make sure the Middleware file is inside of it.\n\nFor more details, see https://clerk.com/err/auth-middleware\n\n    at assertAuthStatus (C:\\Users\\anton\\OneDrive\\Desktop\\AccessCheck-main\\accessibility-checker\\.next\\server\\chunks\\node_modules_5904121d._.js:23231:15)\n    at C:\\Users\\anton\\OneDrive\\Desktop\\AccessCheck-main\\accessibility-checker\\.next\\server\\chunks\\node_modules_5904121d._.js:23460:207\n    at async auth (C:\\Users\\anton\\OneDrive\\Desktop\\AccessCheck-main\\accessibility-checker\\.next\\server\\chunks\\node_modules_1fed96e3._.js:4046:24)","timestamp":"2025-10-09 22:27:49:2749","trace":[{"column":null,"file":null,"function":null,"line":null,"method":null,"native":false},{"column":15,"file":"C:\\Users\\anton\\OneDrive\\Desktop\\AccessCheck-main\\accessibility-checker\\.next\\server\\chunks\\node_modules_5904121d._.js","function":"assertAuthStatus","line":23231,"method":null,"native":false},{"column":207,"file":"C:\\Users\\anton\\OneDrive\\Desktop\\AccessCheck-main\\accessibility-checker\\.next\\server\\chunks\\node_modules_5904121d._.js","function":null,"line":23460,"method":null,"native":false},{"column":24,"file":"C:\\Users\\anton\\OneDrive\\Desktop\\AccessCheck-main\\accessibility-checker\\.next\\server\\chunks\\node_modules_1fed96e3._.js","function":"async auth","line":4046,"method":null,"native":false}]}
{"level":"info","message":"Anonymous scan limit reached","timestamp":"2025-10-09 22:32:38:3238"}
{"date":"Thu Oct 09 2025 22:32:39 GMT+0100 (British Summer Time)","error":{},"level":"error","message":"unhandledRejection: Clerk: auth() was called but Clerk can't detect usage of clerkMiddleware(). Please ensure the following:\n- Your Middleware exists at ./src/middleware.(ts|js)\n- clerkMiddleware() is used in your Next.js Middleware.\n- Your Middleware matcher is configured to match this route or page.\n- If you are using the src directory, make sure the Middleware file is inside of it.\n\nFor more details, see https://clerk.com/err/auth-middleware\n\nError: Clerk: auth() was called but Clerk can't detect usage of clerkMiddleware(). Please ensure the following:\n- Your Middleware exists at ./src/middleware.(ts|js)\n- clerkMiddleware() is used in your Next.js Middleware.\n- Your Middleware matcher is configured to match this route or page.\n- If you are using the src directory, make sure the Middleware file is inside of it.\n\nFor more details, see https://clerk.com/err/auth-middleware\n\n    at assertAuthStatus (C:\\Users\\anton\\OneDrive\\Desktop\\AccessCheck-main\\accessibility-checker\\.next\\server\\chunks\\node_modules_1fed96e3._.js:3419:15)\n    at C:\\Users\\anton\\OneDrive\\Desktop\\AccessCheck-main\\accessibility-checker\\.next\\server\\chunks\\node_modules_1fed96e3._.js:3648:207\n    at async auth (C:\\Users\\anton\\OneDrive\\Desktop\\AccessCheck-main\\accessibility-checker\\.next\\server\\chunks\\node_modules_1fed96e3._.js:4046:24)","os":{"loadavg":[0,0,0],"uptime":1072856.796},"process":{"argv":["C:\\Program Files\\nodejs\\node.exe","C:\\Users\\anton\\OneDrive\\Desktop\\AccessCheck-main\\accessibility-checker\\node_modules\\next\\dist\\server\\lib\\start-server.js"],"cwd":"C:\\Users\\anton\\OneDrive\\Desktop\\AccessCheck-main\\accessibility-checker","execPath":"C:\\Program Files\\nodejs\\node.exe","gid":null,"memoryUsage":{"arrayBuffers":1280094,"external":5062883,"heapTotal":184410112,"heapUsed":163869160,"rss":920203264},"pid":29020,"uid":null,"version":"v18.20.5"},"rejection":true,"stack":"Error: Clerk: auth() was called but Clerk can't detect usage of clerkMiddleware(). Please ensure the following:\n- Your Middleware exists at ./src/middleware.(ts|js)\n- clerkMiddleware() is used in your Next.js Middleware.\n- Your Middleware matcher is configured to match this route or page.\n- If you are using the src directory, make sure the Middleware file is inside of it.\n\nFor more details, see https://clerk.com/err/auth-middleware\n\n    at assertAuthStatus (C:\\Users\\anton\\OneDrive\\Desktop\\AccessCheck-main\\accessibility-checker\\.next\\server\\chunks\\node_modules_1fed96e3._.js:3419:15)\n    at C:\\Users\\anton\\OneDrive\\Desktop\\AccessCheck-main\\accessibility-checker\\.next\\server\\chunks\\node_modules_1fed96e3._.js:3648:207\n    at async auth (C:\\Users\\anton\\OneDrive\\Desktop\\AccessCheck-main\\accessibility-checker\\.next\\server\\chunks\\node_modules_1fed96e3._.js:4046:24)","timestamp":"2025-10-09 22:32:39:3239","trace":[{"column":null,"file":null,"function":null,"line":null,"method":null,"native":false},{"column":15,"file":"C:\\Users\\anton\\OneDrive\\Desktop\\AccessCheck-main\\accessibility-checker\\.next\\server\\chunks\\node_modules_1fed96e3._.js","function":"assertAuthStatus","line":3419,"method":null,"native":false},{"column":207,"file":"C:\\Users\\anton\\OneDrive\\Desktop\\AccessCheck-main\\accessibility-checker\\.next\\server\\chunks\\node_modules_1fed96e3._.js","function":null,"line":3648,"method":null,"native":false},{"column":24,"file":"C:\\Users\\anton\\OneDrive\\Desktop\\AccessCheck-main\\accessibility-checker\\.next\\server\\chunks\\node_modules_1fed96e3._.js","function":"async auth","line":4046,"method":null,"native":false}]}
{"level":"info","message":"Anonymous scan limit reached","timestamp":"2025-10-09 22:40:19:4019"}
{"level":"info","message":"Anonymous scan limit reached","timestamp":"2025-10-09 22:40:43:4043"}
{"level":"info","message":"Anonymous scan limit reached","timestamp":"2025-10-09 22:47:57:4757"}
{"error":{},"level":"warn","message":"Authentication failed","timestamp":"2025-10-09 22:55:52:5552"}
{"cookieValue":"1","level":"info","message":"Anonymous user check","timestamp":"2025-10-09 22:55:52:5552","used":true}
{"level":"info","message":"Anonymous scan limit reached","timestamp":"2025-10-09 22:55:52:5552"}
{"error":{},"level":"warn","message":"Authentication failed","timestamp":"2025-10-09 22:56:10:5610"}
{"cookieValue":"1","level":"info","message":"Anonymous user check","timestamp":"2025-10-09 22:56:10:5610","used":true}
{"level":"info","message":"Anonymous scan limit reached","timestamp":"2025-10-09 22:56:10:5610"}
{"error":{},"level":"warn","message":"Authentication failed","timestamp":"2025-10-09 23:00:42:042"}
{"cookieValue":"1","level":"info","message":"Anonymous user check","timestamp":"2025-10-09 23:00:42:042","used":true}
{"level":"info","message":"Anonymous scan limit reached","timestamp":"2025-10-09 23:00:42:042"}
{"error":{},"level":"warn","message":"Authentication failed","timestamp":"2025-10-09 23:04:09:49"}
{"cookieValue":"1","level":"info","message":"Anonymous user check","timestamp":"2025-10-09 23:04:09:49","used":true}
{"level":"info","message":"Anonymous scan limit reached","timestamp":"2025-10-09 23:04:09:49"}
{"level":"info","message":"Authentication check","timestamp":"2025-10-09 23:06:50:650","userExists":false,"userId":null}
{"cookieValue":"1","level":"info","message":"Anonymous user check","timestamp":"2025-10-09 23:06:50:650","used":true}
{"level":"info","message":"Anonymous scan limit reached","timestamp":"2025-10-09 23:06:50:650"}
{"level":"info","message":"Authentication check","timestamp":"2025-10-09 23:07:24:724","userExists":false,"userId":null}
{"cookieValue":"1","level":"info","message":"Anonymous user check","timestamp":"2025-10-09 23:07:24:724","used":true}
{"level":"info","message":"Anonymous scan limit reached","timestamp":"2025-10-09 23:07:24:724"}
{"level":"info","message":"Authentication check","timestamp":"2025-10-09 23:07:51:751","userExists":false,"userId":null}
{"cookieValue":"1","level":"info","message":"Anonymous user check","timestamp":"2025-10-09 23:07:51:751","used":true}
{"level":"info","message":"Anonymous scan limit reached","timestamp":"2025-10-09 23:07:51:751"}
{"level":"info","message":"Authentication check","timestamp":"2025-10-09 23:20:46:2046","userExists":true,"userId":"user_33qF8AdLvzlqsys7e0Gt22YbJDL"}
{"error":{"clientVersion":"6.16.3","name":"PrismaClientInitializationError"},"level":"error","message":"Scan error","timestamp":"2025-10-09 23:20:46:2046"}
{"level":"info","message":"Authentication check","timestamp":"2025-10-10 14:22:02:222","userExists":false}
{"cookieValue":"1","level":"info","message":"Anonymous user check","timestamp":"2025-10-10 14:22:02:222","used":true}
{"level":"info","message":"Anonymous scan limit reached","timestamp":"2025-10-10 14:22:02:222"}
{"level":"info","message":"Authentication check","timestamp":"2025-10-10 14:22:27:2227","userExists":true,"userId":"user_33pthqYKh0xGujW6zFuUcfDKEuU"}
{"level":"info","message":"Scan completed","timestamp":"2025-10-10 14:22:37:2237","url":"https://www.amazon.co.uk/","userId":"user_33pthqYKh0xGujW6zFuUcfDKEuU"}
{"level":"info","message":"Authentication check","timestamp":"2025-10-10 14:25:15:2515","userExists":true,"userId":"user_33pthqYKh0xGujW6zFuUcfDKEuU"}
{"level":"info","message":"Scan completed","timestamp":"2025-10-10 14:25:22:2522","url":"https://www.amazon.co.uk/","userId":"user_33pthqYKh0xGujW6zFuUcfDKEuU"}
{"level":"info","message":"Authentication check","timestamp":"2025-10-10 14:29:33:2933","userExists":true,"userId":"user_33pthqYKh0xGujW6zFuUcfDKEuU"}
{"level":"info","message":"Scan completed","timestamp":"2025-10-10 14:29:46:2946","url":"https://www.amazon.co.uk/","userId":"user_33pthqYKh0xGujW6zFuUcfDKEuU"}
{"level":"info","message":"Authentication check","timestamp":"2025-10-10 14:51:50:5150","userExists":true,"userId":"user_33pthqYKh0xGujW6zFuUcfDKEuU"}
{"level":"info","message":"Scan completed","timestamp":"2025-10-10 14:52:01:521","url":"https://www.amazon.co.uk/","userId":"user_33pthqYKh0xGujW6zFuUcfDKEuU"}
{"level":"info","message":"Authentication check","timestamp":"2025-10-10 15:01:00:10","userExists":true,"userId":"user_33sTa0hxKnCFuJ8qPLfWCsXDDjx"}
{"level":"info","message":"Scan completed","timestamp":"2025-10-10 15:01:12:112","url":"https://www.amazon.co.uk/","userId":"user_33sTa0hxKnCFuJ8qPLfWCsXDDjx"}
{"level":"info","message":"Authentication check","timestamp":"2025-10-10 15:10:28:1028","userExists":true,"userId":"user_33sTa0hxKnCFuJ8qPLfWCsXDDjx"}
{"level":"info","message":"Scan completed","timestamp":"2025-10-10 15:10:42:1042","url":"https://www.amazon.co.uk/","userId":"user_33sTa0hxKnCFuJ8qPLfWCsXDDjx"}
{"level":"info","message":"Authentication check","timestamp":"2025-10-10 15:28:13:2813","userExists":true,"userId":"user_33sTa0hxKnCFuJ8qPLfWCsXDDjx"}
{"level":"info","message":"Scan completed and results saved","scanId":"cmgkxyvvj0001cxdwmpfnel61","timestamp":"2025-10-10 15:28:27:2827","url":"https://www.twitch.tv/","userId":"user_33sTa0hxKnCFuJ8qPLfWCsXDDjx"}
{"level":"info","message":"Authentication check","timestamp":"2025-10-10 15:29:31:2931","userExists":true,"userId":"user_33sTa0hxKnCFuJ8qPLfWCsXDDjx"}
{"level":"info","message":"Scan completed and results saved","scanId":"cmgky0k0s0003cxdwuflsa1le","timestamp":"2025-10-10 15:29:47:2947","url":"https://www.amazon.co.uk/","userId":"user_33sTa0hxKnCFuJ8qPLfWCsXDDjx"}
{"level":"info","message":"Authentication check","timestamp":"2025-10-10 15:29:50:2950","userExists":true,"userId":"user_33sTa0hxKnCFuJ8qPLfWCsXDDjx"}
{"level":"info","message":"Scan completed and results saved","scanId":"cmgky0vry0005cxdwv8zzllqq","timestamp":"2025-10-10 15:30:02:302","url":"https://www.amazon.co.uk/","userId":"user_33sTa0hxKnCFuJ8qPLfWCsXDDjx"}
{"level":"info","message":"Authentication check","timestamp":"2025-10-10 19:46:23:4623","userExists":true,"userId":"user_33pthqYKh0xGujW6zFuUcfDKEuU"}
{"level":"info","message":"Scan completed and results saved","scanId":"cmgl76q120001cx58ndedn5r2","timestamp":"2025-10-10 19:46:29:4629","url":"https://thedeparysgroup.co.uk/","userId":"user_33pthqYKh0xGujW6zFuUcfDKEuU"}
{"level":"info","message":"Authentication check","timestamp":"2025-10-10 19:50:22:5022","userExists":true,"userId":"user_33pthqYKh0xGujW6zFuUcfDKEuU"}
{"level":"info","message":"Free user scan limit reached","timestamp":"2025-10-10 19:50:23:5023","userId":"user_33pthqYKh0xGujW6zFuUcfDKEuU"}
{"level":"warn","message":"Export attempted by non-pro user","subscription":"free","timestamp":"2025-10-10 19:54:19:5419","userId":"user_33pthqYKh0xGujW6zFuUcfDKEuU"}
{"level":"warn","message":"CSV export attempted by non-pro user","subscription":"free","timestamp":"2025-10-10 19:54:20:5420","userId":"user_33pthqYKh0xGujW6zFuUcfDKEuU"}
{"level":"info","message":"Authentication check","timestamp":"2025-10-10 21:37:37:3737","userExists":true,"userId":"user_33pthqYKh0xGujW6zFuUcfDKEuU"}
{"error":{"clientVersion":"6.16.3","name":"PrismaClientInitializationError"},"level":"error","message":"Scan error","timestamp":"2025-10-10 21:37:37:3737"}
{"level":"warn","message":"CSV export attempted by non-pro user","subscription":"free","timestamp":"2025-10-10 21:55:16:5516","userId":"user_33pthqYKh0xGujW6zFuUcfDKEuU"}
{"level":"warn","message":"Export attempted by non-pro user","subscription":"free","timestamp":"2025-10-10 22:44:39:4439","userId":"user_33pthqYKh0xGujW6zFuUcfDKEuU"}
{"level":"warn","message":"Export attempted by non-pro user","subscription":"free","timestamp":"2025-10-10 22:44:40:4440","userId":"user_33pthqYKh0xGujW6zFuUcfDKEuU"}
